<?xml version="1.0" encoding="UTF-8"?>
<testng-results skipped="0" failed="0" total="1" passed="1">
  <reporter-output>
  </reporter-output>
  <suite name="Suite" duration-ms="10026" started-at="2017-08-05T23:25:46Z" finished-at="2017-08-05T23:25:56Z">
    <groups>
    </groups>
    <test name="Test" duration-ms="10026" started-at="2017-08-05T23:25:46Z" finished-at="2017-08-05T23:25:56Z">
      <class name="Jenkins.JenkinsDemo">
        <test-method status="PASS" signature="testJenkins()[pri:0, instance:Jenkins.JenkinsDemo@3f0ee7cb]" name="testJenkins" duration-ms="10007" started-at="2017-08-05T18:25:46Z" finished-at="2017-08-05T18:25:56Z">
          <reporter-output>
          </reporter-output>
        </test-method> <!-- testJenkins -->
      </class> <!-- Jenkins.JenkinsDemo -->
    </test> <!-- Test -->
  </suite> <!-- Suite -->
</testng-results>
